#-----------------------------------------------------------
# Vivado v2019.1 (64-bit)
# SW Build 2552052 on Fri May 24 14:47:09 MDT 2019
# IP Build 2548770 on Fri May 24 18:01:18 MDT 2019
# Start of session at: Tue Feb 18 17:08:17 2020
# Process ID: 17822
# Current directory: /home/uho/workspace/3retry_RISCV/RISC-V-On-PYNQ/ip
# Command line: vivado
# Log file: /home/uho/workspace/3retry_RISCV/RISC-V-On-PYNQ/ip/vivado.log
# Journal file: /home/uho/workspace/3retry_RISCV/RISC-V-On-PYNQ/ip/vivado.jou
#-----------------------------------------------------------
start_gui
create_project picorv32_prj /home/uho/workspace/3retry_RISCV/RISC-V-On-PYNQ/ip/picorv32_prj -part xc7z020clg400-1
INFO: [IP_Flow 19-234] Refreshing IP repositories
INFO: [IP_Flow 19-1704] No user IP repositories specified
INFO: [IP_Flow 19-2313] Loaded Vivado IP repository '/tools/Xilinx/Vivado/2019.1/data/ip'.
add_files -norecurse /home/uho/workspace/3retry_RISCV/RISC-V-On-PYNQ/picorv32/picorv32.v
update_compile_order -fileset sources_1
WARNING: [IP_Flow 19-3899] Cannot get the environment domain name variable for the component vendor name. Setting the vendor name to 'user.org'.
set_property  ip_repo_paths  /home/uho/workspace/3retry_RISCV/RISC-V-On-PYNQ/ip [current_project]
update_ip_catalog
INFO: [IP_Flow 19-234] Refreshing IP repositories
INFO: [IP_Flow 19-1700] Loaded user IP repository '/home/uho/workspace/3retry_RISCV/RISC-V-On-PYNQ/ip'.
WARNING: [IP_Flow 19-3656] If you move the project, the path for repository '/home/uho/workspace/3retry_RISCV/RISC-V-On-PYNQ/ip' may become invalid. A better location for the repository would be in a path adjacent to the project. (Current project location is '/home/uho/workspace/3retry_RISCV/RISC-V-On-PYNQ/ip/picorv32_prj'.)
WARNING: [IP_Flow 19-3899] Cannot get the environment domain name variable for the component vendor name. Setting the vendor name to 'user.org'.
WARNING: [IP_Flow 19-3899] Cannot get the environment domain name variable for the component vendor name. Setting the vendor name to 'user.org'.
WARNING: [IP_Flow 19-3899] Cannot get the environment domain name variable for the component vendor name. Setting the vendor name to 'user.org'.
ipx::package_project -root_dir /home/uho/workspace/3retry_RISCV/RISC-V-On-PYNQ/ip/picorv32_tut -vendor user.org -library user -taxonomy /UserIP -import_files -set_current false
WARNING: [IP_Flow 19-5463] No port map found for required logical port ADDR on bus interface abstraction PicoBram_rtl for interface type master.
WARNING: [IP_Flow 19-5463] No port map found for required logical port VALID on bus interface abstraction PicoBram_rtl for interface type master.
WARNING: [IP_Flow 19-5463] No port map found for required logical port READY on bus interface abstraction PicoBram_rtl for interface type master.
WARNING: [IP_Flow 19-5462] Defaulting to slave bus interface due to conflicts in bus interface inference.
INFO: [IP_Flow 19-5107] Inferred bus interface 'mem_axi' of definition 'cliffordwolf:ip:PicoBram:1.0' (from User Repositories).
WARNING: [IP_Flow 19-5463] No port map found for required logical port ADDR on bus interface abstraction PicoBram_rtl for interface type master.
WARNING: [IP_Flow 19-5463] No port map found for required logical port WSTRB on bus interface abstraction PicoBram_rtl for interface type master.
WARNING: [IP_Flow 19-5462] Defaulting to slave bus interface due to conflicts in bus interface inference.
INFO: [IP_Flow 19-5107] Inferred bus interface 'pcpi' of definition 'cliffordwolf:ip:PicoBram:1.0' (from User Repositories).
INFO: [IP_Flow 19-5107] Inferred bus interface 'ip_pcpi' of definition 'cliffordwolf:ip:pcpi:1.0' (from User Repositories).
INFO: [IP_Flow 19-5107] Inferred bus interface 'resetn' of definition 'xilinx.com:signal:reset:1.0' (from Xilinx Repository).
INFO: [IP_Flow 19-5107] Inferred bus interface 'clk' of definition 'xilinx.com:signal:clock:1.0' (from Xilinx Repository).
INFO: [IP_Flow 19-5107] Inferred bus interface 'irq' of definition 'xilinx.com:signal:interrupt:1.0' (from Xilinx Repository).
INFO: [IP_Flow 19-4728] Bus Interface 'resetn': Added interface parameter 'POLARITY' with value 'ACTIVE_LOW'.
INFO: [IP_Flow 19-4728] Bus Interface 'irq': Added interface parameter 'SENSITIVITY' with value 'LEVEL_HIGH'.
INFO: [IP_Flow 19-4728] Bus Interface 'clk': Added interface parameter 'ASSOCIATED_RESET' with value 'resetn'.
WARNING: [IP_Flow 19-3480] slave: Portmap direction mismatched between component port 'mem_axi_wdata' and definition port 'WDATA'.
WARNING: [IP_Flow 19-3480] slave: Portmap direction mismatched between component port 'mem_axi_rdata' and definition port 'RDATA'.
WARNING: [IP_Flow 19-3480] slave: Portmap direction mismatched between component port 'mem_axi_wstrb' and definition port 'WSTRB'.
WARNING: [IP_Flow 19-1965] Bus Interface 'mem_axi': A port map to the required logical port "ADDR" of the bus abstraction "cliffordwolf:ip:PicoBram_rtl:1.0" is missing.
WARNING: [IP_Flow 19-1965] Bus Interface 'mem_axi': A port map to the required logical port "VALID" of the bus abstraction "cliffordwolf:ip:PicoBram_rtl:1.0" is missing.
WARNING: [IP_Flow 19-1965] Bus Interface 'mem_axi': A port map to the required logical port "READY" of the bus abstraction "cliffordwolf:ip:PicoBram_rtl:1.0" is missing.
WARNING: [IP_Flow 19-3480] slave: Portmap direction mismatched between component port 'pcpi_valid' and definition port 'VALID'.
WARNING: [IP_Flow 19-3480] slave: Portmap direction mismatched between component port 'pcpi_ready' and definition port 'READY'.
WARNING: [IP_Flow 19-1965] Bus Interface 'pcpi': A port map to the required logical port "ADDR" of the bus abstraction "cliffordwolf:ip:PicoBram_rtl:1.0" is missing.
WARNING: [IP_Flow 19-1965] Bus Interface 'pcpi': A port map to the required logical port "WSTRB" of the bus abstraction "cliffordwolf:ip:PicoBram_rtl:1.0" is missing.
WARNING: [IP_Flow 19-3153] Bus Interface 'clk': ASSOCIATED_BUSIF bus parameter is missing.
INFO: [IP_Flow 19-2181] Payment Required is not set for this core.
INFO: [IP_Flow 19-2187] The Product Guide file is missing.
ipx::unload_core /home/uho/workspace/3retry_RISCV/RISC-V-On-PYNQ/ip/picorv32_tut/component.xml
ipx::edit_ip_in_project -upgrade true -name tmp_edit_project -directory /home/uho/workspace/3retry_RISCV/RISC-V-On-PYNQ/ip/picorv32_tut /home/uho/workspace/3retry_RISCV/RISC-V-On-PYNQ/ip/picorv32_tut/component.xml
INFO: [IP_Flow 19-234] Refreshing IP repositories
INFO: [IP_Flow 19-1704] No user IP repositories specified
INFO: [IP_Flow 19-2313] Loaded Vivado IP repository '/tools/Xilinx/Vivado/2019.1/data/ip'.
INFO: [IP_Flow 19-234] Refreshing IP repositories
INFO: [IP_Flow 19-1700] Loaded user IP repository '/home/uho/workspace/3retry_RISCV/RISC-V-On-PYNQ/ip'.
WARNING: [IP_Flow 19-3656] If you move the project, the path for repository '/home/uho/workspace/3retry_RISCV/RISC-V-On-PYNQ/ip' may become invalid. A better location for the repository would be in a path adjacent to the project. (Current project location is '/home/uho/workspace/3retry_RISCV/RISC-V-On-PYNQ/ip/picorv32_tut'.)
INFO: [IP_Flow 19-795] Syncing license key meta-data
WARNING: [filemgmt 56-99] Vivado Synthesis ignores library specification for Verilog or SystemVerilog files. [/home/uho/workspace/3retry_RISCV/RISC-V-On-PYNQ/ip/picorv32_tut/src/picorv32.v:]
update_compile_order -fileset sources_1
set_property widget {checkBox} [ipgui::get_guiparamspec -name "ENABLE_COUNTERS" -component [ipx::current_core] ]
set_property value true [ipx::get_user_parameters ENABLE_COUNTERS -of_objects [ipx::current_core]]
set_property value true [ipx::get_hdl_parameters ENABLE_COUNTERS -of_objects [ipx::current_core]]
set_property value_format bool [ipx::get_user_parameters ENABLE_COUNTERS -of_objects [ipx::current_core]]
set_property value_format bool [ipx::get_hdl_parameters ENABLE_COUNTERS -of_objects [ipx::current_core]]
set_property widget {checkBox} [ipgui::get_guiparamspec -name "ENABLE_COUNTERS64" -component [ipx::current_core] ]
set_property value true [ipx::get_user_parameters ENABLE_COUNTERS64 -of_objects [ipx::current_core]]
set_property value true [ipx::get_hdl_parameters ENABLE_COUNTERS64 -of_objects [ipx::current_core]]
set_property value_format bool [ipx::get_user_parameters ENABLE_COUNTERS64 -of_objects [ipx::current_core]]
set_property value_format bool [ipx::get_hdl_parameters ENABLE_COUNTERS64 -of_objects [ipx::current_core]]
set_property widget {checkBox} [ipgui::get_guiparamspec -name "ENABLE_REGS_16_31" -component [ipx::current_core] ]
set_property value true [ipx::get_user_parameters ENABLE_REGS_16_31 -of_objects [ipx::current_core]]
set_property value true [ipx::get_hdl_parameters ENABLE_REGS_16_31 -of_objects [ipx::current_core]]
set_property value_format bool [ipx::get_user_parameters ENABLE_REGS_16_31 -of_objects [ipx::current_core]]
set_property value_format bool [ipx::get_hdl_parameters ENABLE_REGS_16_31 -of_objects [ipx::current_core]]
set_property widget {checkBox} [ipgui::get_guiparamspec -name "TWO_STAGE_SHIFT" -component [ipx::current_core] ]
set_property value true [ipx::get_user_parameters TWO_STAGE_SHIFT -of_objects [ipx::current_core]]
set_property value true [ipx::get_hdl_parameters TWO_STAGE_SHIFT -of_objects [ipx::current_core]]
set_property value_format bool [ipx::get_user_parameters TWO_STAGE_SHIFT -of_objects [ipx::current_core]]
set_property value_format bool [ipx::get_hdl_parameters TWO_STAGE_SHIFT -of_objects [ipx::current_core]]
set_property widget {checkBox} [ipgui::get_guiparamspec -name "ENABLE_REGS_DUALPORT" -component [ipx::current_core] ]
set_property value true [ipx::get_user_parameters ENABLE_REGS_DUALPORT -of_objects [ipx::current_core]]
set_property value true [ipx::get_hdl_parameters ENABLE_REGS_DUALPORT -of_objects [ipx::current_core]]
set_property value_format bool [ipx::get_user_parameters ENABLE_REGS_DUALPORT -of_objects [ipx::current_core]]
set_property value_format bool [ipx::get_hdl_parameters ENABLE_REGS_DUALPORT -of_objects [ipx::current_core]]
set_property widget {checkBox} [ipgui::get_guiparamspec -name "BARREL_SHIFTER" -component [ipx::current_core] ]
set_property value false [ipx::get_user_parameters BARREL_SHIFTER -of_objects [ipx::current_core]]
set_property value false [ipx::get_hdl_parameters BARREL_SHIFTER -of_objects [ipx::current_core]]
set_property value_format bool [ipx::get_user_parameters BARREL_SHIFTER -of_objects [ipx::current_core]]
set_property value_format bool [ipx::get_hdl_parameters BARREL_SHIFTER -of_objects [ipx::current_core]]
set_property widget {checkBox} [ipgui::get_guiparamspec -name "TWO_CYCLE_COMPARE" -component [ipx::current_core] ]
set_property value false [ipx::get_user_parameters TWO_CYCLE_COMPARE -of_objects [ipx::current_core]]
set_property value false [ipx::get_hdl_parameters TWO_CYCLE_COMPARE -of_objects [ipx::current_core]]
set_property value_format bool [ipx::get_user_parameters TWO_CYCLE_COMPARE -of_objects [ipx::current_core]]
set_property value_format bool [ipx::get_hdl_parameters TWO_CYCLE_COMPARE -of_objects [ipx::current_core]]
set_property widget {checkBox} [ipgui::get_guiparamspec -name "TWO_CYCLE_ALU" -component [ipx::current_core] ]
set_property value false [ipx::get_user_parameters TWO_CYCLE_ALU -of_objects [ipx::current_core]]
set_property value false [ipx::get_hdl_parameters TWO_CYCLE_ALU -of_objects [ipx::current_core]]
set_property value_format bool [ipx::get_user_parameters TWO_CYCLE_ALU -of_objects [ipx::current_core]]
set_property value_format bool [ipx::get_hdl_parameters TWO_CYCLE_ALU -of_objects [ipx::current_core]]
set_property widget {checkBox} [ipgui::get_guiparamspec -name "COMPRESSED_ISA" -component [ipx::current_core] ]
set_property value false [ipx::get_user_parameters COMPRESSED_ISA -of_objects [ipx::current_core]]
set_property value false [ipx::get_hdl_parameters COMPRESSED_ISA -of_objects [ipx::current_core]]
set_property value_format bool [ipx::get_user_parameters COMPRESSED_ISA -of_objects [ipx::current_core]]
set_property value_format bool [ipx::get_hdl_parameters COMPRESSED_ISA -of_objects [ipx::current_core]]
set_property widget {checkBox} [ipgui::get_guiparamspec -name "CATCH_MISALIGN" -component [ipx::current_core] ]
set_property value true [ipx::get_user_parameters CATCH_MISALIGN -of_objects [ipx::current_core]]
set_property value true [ipx::get_hdl_parameters CATCH_MISALIGN -of_objects [ipx::current_core]]
set_property value_format bool [ipx::get_user_parameters CATCH_MISALIGN -of_objects [ipx::current_core]]
set_property value_format bool [ipx::get_hdl_parameters CATCH_MISALIGN -of_objects [ipx::current_core]]
set_property widget {checkBox} [ipgui::get_guiparamspec -name "ENABLE_PCPI" -component [ipx::current_core] ]
set_property value false [ipx::get_user_parameters ENABLE_PCPI -of_objects [ipx::current_core]]
set_property value false [ipx::get_hdl_parameters ENABLE_PCPI -of_objects [ipx::current_core]]
set_property value_format bool [ipx::get_user_parameters ENABLE_PCPI -of_objects [ipx::current_core]]
set_property value_format bool [ipx::get_hdl_parameters ENABLE_PCPI -of_objects [ipx::current_core]]
set_property widget {checkBox} [ipgui::get_guiparamspec -name "CATCH_ILLINSN" -component [ipx::current_core] ]
set_property value true [ipx::get_user_parameters CATCH_ILLINSN -of_objects [ipx::current_core]]
set_property value true [ipx::get_hdl_parameters CATCH_ILLINSN -of_objects [ipx::current_core]]
set_property value_format bool [ipx::get_user_parameters CATCH_ILLINSN -of_objects [ipx::current_core]]
set_property value_format bool [ipx::get_hdl_parameters CATCH_ILLINSN -of_objects [ipx::current_core]]
set_property widget {checkBox} [ipgui::get_guiparamspec -name "ENABLE_MUL" -component [ipx::current_core] ]
set_property value true [ipx::get_user_parameters ENABLE_MUL -of_objects [ipx::current_core]]
set_property value true [ipx::get_hdl_parameters ENABLE_MUL -of_objects [ipx::current_core]]
set_property value_format bool [ipx::get_user_parameters ENABLE_MUL -of_objects [ipx::current_core]]
set_property value_format bool [ipx::get_hdl_parameters ENABLE_MUL -of_objects [ipx::current_core]]
set_property widget {checkBox} [ipgui::get_guiparamspec -name "ENABLE_FAST_MUL" -component [ipx::current_core] ]
set_property value true [ipx::get_user_parameters ENABLE_FAST_MUL -of_objects [ipx::current_core]]
set_property value true [ipx::get_hdl_parameters ENABLE_FAST_MUL -of_objects [ipx::current_core]]
set_property value_format bool [ipx::get_user_parameters ENABLE_FAST_MUL -of_objects [ipx::current_core]]
set_property value_format bool [ipx::get_hdl_parameters ENABLE_FAST_MUL -of_objects [ipx::current_core]]
set_property widget {checkBox} [ipgui::get_guiparamspec -name "ENABLE_DIV" -component [ipx::current_core] ]
set_property value false [ipx::get_user_parameters ENABLE_DIV -of_objects [ipx::current_core]]
set_property value false [ipx::get_hdl_parameters ENABLE_DIV -of_objects [ipx::current_core]]
set_property value_format bool [ipx::get_user_parameters ENABLE_DIV -of_objects [ipx::current_core]]
set_property value_format bool [ipx::get_hdl_parameters ENABLE_DIV -of_objects [ipx::current_core]]
set_property widget {checkBox} [ipgui::get_guiparamspec -name "ENABLE_IRQ" -component [ipx::current_core] ]
set_property value false [ipx::get_user_parameters ENABLE_IRQ -of_objects [ipx::current_core]]
set_property value false [ipx::get_hdl_parameters ENABLE_IRQ -of_objects [ipx::current_core]]
set_property value_format bool [ipx::get_user_parameters ENABLE_IRQ -of_objects [ipx::current_core]]
set_property value_format bool [ipx::get_hdl_parameters ENABLE_IRQ -of_objects [ipx::current_core]]
set_property widget {checkBox} [ipgui::get_guiparamspec -name "ENABLE_IRQ_QREGS" -component [ipx::current_core] ]
set_property value true [ipx::get_user_parameters ENABLE_IRQ_QREGS -of_objects [ipx::current_core]]
set_property value true [ipx::get_hdl_parameters ENABLE_IRQ_QREGS -of_objects [ipx::current_core]]
set_property value_format bool [ipx::get_user_parameters ENABLE_IRQ_QREGS -of_objects [ipx::current_core]]
set_property value_format bool [ipx::get_hdl_parameters ENABLE_IRQ_QREGS -of_objects [ipx::current_core]]
set_property widget {checkBox} [ipgui::get_guiparamspec -name "ENABLE_IRQ_TIMER" -component [ipx::current_core] ]
set_property value true [ipx::get_user_parameters ENABLE_IRQ_TIMER -of_objects [ipx::current_core]]
set_property value true [ipx::get_hdl_parameters ENABLE_IRQ_TIMER -of_objects [ipx::current_core]]
set_property value_format bool [ipx::get_user_parameters ENABLE_IRQ_TIMER -of_objects [ipx::current_core]]
set_property value_format bool [ipx::get_hdl_parameters ENABLE_IRQ_TIMER -of_objects [ipx::current_core]]
set_property widget {checkBox} [ipgui::get_guiparamspec -name "ENABLE_TRACE" -component [ipx::current_core] ]
set_property value false [ipx::get_user_parameters ENABLE_TRACE -of_objects [ipx::current_core]]
set_property value false [ipx::get_hdl_parameters ENABLE_TRACE -of_objects [ipx::current_core]]
set_property value_format bool [ipx::get_user_parameters ENABLE_TRACE -of_objects [ipx::current_core]]
set_property value_format bool [ipx::get_hdl_parameters ENABLE_TRACE -of_objects [ipx::current_core]]
set_property widget {checkBox} [ipgui::get_guiparamspec -name "REGS_INIT_ZERO" -component [ipx::current_core] ]
set_property value false [ipx::get_user_parameters REGS_INIT_ZERO -of_objects [ipx::current_core]]
set_property value false [ipx::get_hdl_parameters REGS_INIT_ZERO -of_objects [ipx::current_core]]
set_property value_format bool [ipx::get_user_parameters REGS_INIT_ZERO -of_objects [ipx::current_core]]
set_property value_format bool [ipx::get_hdl_parameters REGS_INIT_ZERO -of_objects [ipx::current_core]]
ipx::add_memory_map mem_axi [ipx::current_core]
set_property slave_memory_map_ref mem_axi [ipx::get_bus_interfaces mem_axi -of_objects [ipx::current_core]]
ipx::remove_port_map WDATA [ipx::get_bus_interfaces mem_axi -of_objects [ipx::current_core]]
ipx::remove_port_map RDATA [ipx::get_bus_interfaces mem_axi -of_objects [ipx::current_core]]
ipx::remove_port_map WSTRB [ipx::get_bus_interfaces mem_axi -of_objects [ipx::current_core]]
set_property abstraction_type_vlnv xilinx.com:interface:aximm_rtl:1.0 [ipx::get_bus_interfaces mem_axi -of_objects [ipx::current_core]]
set_property bus_type_vlnv xilinx.com:interface:aximm:1.0 [ipx::get_bus_interfaces mem_axi -of_objects [ipx::current_core]]
set_property interface_mode master [ipx::get_bus_interfaces mem_axi -of_objects [ipx::current_core]]
ipx::add_port_map BVALID [ipx::get_bus_interfaces mem_axi -of_objects [ipx::current_core]]
set_property physical_name mem_axi_bvalid [ipx::get_port_maps BVALID -of_objects [ipx::get_bus_interfaces mem_axi -of_objects [ipx::current_core]]]
ipx::add_port_map RREADY [ipx::get_bus_interfaces mem_axi -of_objects [ipx::current_core]]
set_property physical_name mem_axi_rready [ipx::get_port_maps RREADY -of_objects [ipx::get_bus_interfaces mem_axi -of_objects [ipx::current_core]]]
ipx::add_port_map BREADY [ipx::get_bus_interfaces mem_axi -of_objects [ipx::current_core]]
set_property physical_name mem_axi_bready [ipx::get_port_maps BREADY -of_objects [ipx::get_bus_interfaces mem_axi -of_objects [ipx::current_core]]]
ipx::add_port_map AWVALID [ipx::get_bus_interfaces mem_axi -of_objects [ipx::current_core]]
set_property physical_name mem_axi_awvalid [ipx::get_port_maps AWVALID -of_objects [ipx::get_bus_interfaces mem_axi -of_objects [ipx::current_core]]]
ipx::add_port_map AWREADY [ipx::get_bus_interfaces mem_axi -of_objects [ipx::current_core]]
set_property physical_name mem_axi_awready [ipx::get_port_maps AWREADY -of_objects [ipx::get_bus_interfaces mem_axi -of_objects [ipx::current_core]]]
ipx::add_port_map AWPROT [ipx::get_bus_interfaces mem_axi -of_objects [ipx::current_core]]
set_property physical_name mem_axi_awprot [ipx::get_port_maps AWPROT -of_objects [ipx::get_bus_interfaces mem_axi -of_objects [ipx::current_core]]]
ipx::add_port_map WDATA [ipx::get_bus_interfaces mem_axi -of_objects [ipx::current_core]]
set_property physical_name mem_axi_wdata [ipx::get_port_maps WDATA -of_objects [ipx::get_bus_interfaces mem_axi -of_objects [ipx::current_core]]]
ipx::add_port_map ARPROT [ipx::get_bus_interfaces mem_axi -of_objects [ipx::current_core]]
set_property physical_name mem_axi_arprot [ipx::get_port_maps ARPROT -of_objects [ipx::get_bus_interfaces mem_axi -of_objects [ipx::current_core]]]
ipx::add_port_map RVALID [ipx::get_bus_interfaces mem_axi -of_objects [ipx::current_core]]
set_property physical_name mem_axi_rvalid [ipx::get_port_maps RVALID -of_objects [ipx::get_bus_interfaces mem_axi -of_objects [ipx::current_core]]]
ipx::add_port_map ARADDR [ipx::get_bus_interfaces mem_axi -of_objects [ipx::current_core]]
set_property physical_name mem_axi_araddr [ipx::get_port_maps ARADDR -of_objects [ipx::get_bus_interfaces mem_axi -of_objects [ipx::current_core]]]
ipx::add_port_map AWADDR [ipx::get_bus_interfaces mem_axi -of_objects [ipx::current_core]]
set_property physical_name mem_axi_awaddr [ipx::get_port_maps AWADDR -of_objects [ipx::get_bus_interfaces mem_axi -of_objects [ipx::current_core]]]
ipx::add_port_map ARREADY [ipx::get_bus_interfaces mem_axi -of_objects [ipx::current_core]]
set_property physical_name mem_axi_arready [ipx::get_port_maps ARREADY -of_objects [ipx::get_bus_interfaces mem_axi -of_objects [ipx::current_core]]]
ipx::add_port_map WVALID [ipx::get_bus_interfaces mem_axi -of_objects [ipx::current_core]]
set_property physical_name mem_axi_wvalid [ipx::get_port_maps WVALID -of_objects [ipx::get_bus_interfaces mem_axi -of_objects [ipx::current_core]]]
ipx::add_port_map WREADY [ipx::get_bus_interfaces mem_axi -of_objects [ipx::current_core]]
set_property physical_name mem_axi_wready [ipx::get_port_maps WREADY -of_objects [ipx::get_bus_interfaces mem_axi -of_objects [ipx::current_core]]]
ipx::add_port_map ARVALID [ipx::get_bus_interfaces mem_axi -of_objects [ipx::current_core]]
set_property physical_name mem_axi_arvalid [ipx::get_port_maps ARVALID -of_objects [ipx::get_bus_interfaces mem_axi -of_objects [ipx::current_core]]]
ipx::add_port_map WSTRB [ipx::get_bus_interfaces mem_axi -of_objects [ipx::current_core]]
set_property physical_name mem_axi_wstrb [ipx::get_port_maps WSTRB -of_objects [ipx::get_bus_interfaces mem_axi -of_objects [ipx::current_core]]]
ipx::add_port_map RDATA [ipx::get_bus_interfaces mem_axi -of_objects [ipx::current_core]]
set_property physical_name mem_axi_rdata [ipx::get_port_maps RDATA -of_objects [ipx::get_bus_interfaces mem_axi -of_objects [ipx::current_core]]]
ipx::remove_memory_map mem_axi [ipx::current_core]
ipx::add_memory_map mem_axi [ipx::current_core]
set_property slave_memory_map_ref mem_axi [ipx::get_bus_interfaces mem_axi -of_objects [ipx::current_core]]
ipx::remove_memory_map mem_axi [ipx::current_core]
ipx::remove_port_map BVALID [ipx::get_bus_interfaces mem_axi -of_objects [ipx::current_core]]
ipx::remove_port_map RREADY [ipx::get_bus_interfaces mem_axi -of_objects [ipx::current_core]]
ipx::remove_port_map BREADY [ipx::get_bus_interfaces mem_axi -of_objects [ipx::current_core]]
ipx::remove_port_map AWVALID [ipx::get_bus_interfaces mem_axi -of_objects [ipx::current_core]]
ipx::remove_port_map AWREADY [ipx::get_bus_interfaces mem_axi -of_objects [ipx::current_core]]
ipx::remove_port_map AWPROT [ipx::get_bus_interfaces mem_axi -of_objects [ipx::current_core]]
ipx::remove_port_map WDATA [ipx::get_bus_interfaces mem_axi -of_objects [ipx::current_core]]
ipx::remove_port_map ARPROT [ipx::get_bus_interfaces mem_axi -of_objects [ipx::current_core]]
ipx::remove_port_map RVALID [ipx::get_bus_interfaces mem_axi -of_objects [ipx::current_core]]
ipx::remove_port_map ARADDR [ipx::get_bus_interfaces mem_axi -of_objects [ipx::current_core]]
ipx::remove_port_map AWADDR [ipx::get_bus_interfaces mem_axi -of_objects [ipx::current_core]]
ipx::remove_port_map ARREADY [ipx::get_bus_interfaces mem_axi -of_objects [ipx::current_core]]
ipx::remove_port_map WVALID [ipx::get_bus_interfaces mem_axi -of_objects [ipx::current_core]]
ipx::remove_port_map WREADY [ipx::get_bus_interfaces mem_axi -of_objects [ipx::current_core]]
ipx::remove_port_map ARVALID [ipx::get_bus_interfaces mem_axi -of_objects [ipx::current_core]]
ipx::remove_port_map WSTRB [ipx::get_bus_interfaces mem_axi -of_objects [ipx::current_core]]
ipx::remove_port_map RDATA [ipx::get_bus_interfaces mem_axi -of_objects [ipx::current_core]]
set_property interface_mode master [ipx::get_bus_interfaces mem_axi -of_objects [ipx::current_core]]
ipx::add_port_map BVALID [ipx::get_bus_interfaces mem_axi -of_objects [ipx::current_core]]
set_property physical_name mem_axi_bvalid [ipx::get_port_maps BVALID -of_objects [ipx::get_bus_interfaces mem_axi -of_objects [ipx::current_core]]]
ipx::add_port_map RREADY [ipx::get_bus_interfaces mem_axi -of_objects [ipx::current_core]]
set_property physical_name mem_axi_rready [ipx::get_port_maps RREADY -of_objects [ipx::get_bus_interfaces mem_axi -of_objects [ipx::current_core]]]
ipx::add_port_map BREADY [ipx::get_bus_interfaces mem_axi -of_objects [ipx::current_core]]
set_property physical_name mem_axi_bready [ipx::get_port_maps BREADY -of_objects [ipx::get_bus_interfaces mem_axi -of_objects [ipx::current_core]]]
ipx::add_port_map AWVALID [ipx::get_bus_interfaces mem_axi -of_objects [ipx::current_core]]
set_property physical_name mem_axi_awvalid [ipx::get_port_maps AWVALID -of_objects [ipx::get_bus_interfaces mem_axi -of_objects [ipx::current_core]]]
ipx::add_port_map AWREADY [ipx::get_bus_interfaces mem_axi -of_objects [ipx::current_core]]
set_property physical_name mem_axi_awready [ipx::get_port_maps AWREADY -of_objects [ipx::get_bus_interfaces mem_axi -of_objects [ipx::current_core]]]
ipx::add_port_map AWPROT [ipx::get_bus_interfaces mem_axi -of_objects [ipx::current_core]]
set_property physical_name mem_axi_awprot [ipx::get_port_maps AWPROT -of_objects [ipx::get_bus_interfaces mem_axi -of_objects [ipx::current_core]]]
ipx::add_port_map WDATA [ipx::get_bus_interfaces mem_axi -of_objects [ipx::current_core]]
set_property physical_name mem_axi_wdata [ipx::get_port_maps WDATA -of_objects [ipx::get_bus_interfaces mem_axi -of_objects [ipx::current_core]]]
ipx::add_port_map ARPROT [ipx::get_bus_interfaces mem_axi -of_objects [ipx::current_core]]
set_property physical_name mem_axi_arprot [ipx::get_port_maps ARPROT -of_objects [ipx::get_bus_interfaces mem_axi -of_objects [ipx::current_core]]]
ipx::add_port_map RVALID [ipx::get_bus_interfaces mem_axi -of_objects [ipx::current_core]]
set_property physical_name mem_axi_rvalid [ipx::get_port_maps RVALID -of_objects [ipx::get_bus_interfaces mem_axi -of_objects [ipx::current_core]]]
ipx::add_port_map ARADDR [ipx::get_bus_interfaces mem_axi -of_objects [ipx::current_core]]
set_property physical_name mem_axi_araddr [ipx::get_port_maps ARADDR -of_objects [ipx::get_bus_interfaces mem_axi -of_objects [ipx::current_core]]]
ipx::add_port_map AWADDR [ipx::get_bus_interfaces mem_axi -of_objects [ipx::current_core]]
set_property physical_name mem_axi_awaddr [ipx::get_port_maps AWADDR -of_objects [ipx::get_bus_interfaces mem_axi -of_objects [ipx::current_core]]]
ipx::add_port_map ARREADY [ipx::get_bus_interfaces mem_axi -of_objects [ipx::current_core]]
set_property physical_name mem_axi_arready [ipx::get_port_maps ARREADY -of_objects [ipx::get_bus_interfaces mem_axi -of_objects [ipx::current_core]]]
ipx::add_port_map WVALID [ipx::get_bus_interfaces mem_axi -of_objects [ipx::current_core]]
set_property physical_name mem_axi_wvalid [ipx::get_port_maps WVALID -of_objects [ipx::get_bus_interfaces mem_axi -of_objects [ipx::current_core]]]
ipx::add_port_map WREADY [ipx::get_bus_interfaces mem_axi -of_objects [ipx::current_core]]
set_property physical_name mem_axi_wready [ipx::get_port_maps WREADY -of_objects [ipx::get_bus_interfaces mem_axi -of_objects [ipx::current_core]]]
ipx::add_port_map ARVALID [ipx::get_bus_interfaces mem_axi -of_objects [ipx::current_core]]
set_property physical_name mem_axi_arvalid [ipx::get_port_maps ARVALID -of_objects [ipx::get_bus_interfaces mem_axi -of_objects [ipx::current_core]]]
ipx::add_port_map WSTRB [ipx::get_bus_interfaces mem_axi -of_objects [ipx::current_core]]
set_property physical_name mem_axi_wstrb [ipx::get_port_maps WSTRB -of_objects [ipx::get_bus_interfaces mem_axi -of_objects [ipx::current_core]]]
ipx::add_port_map RDATA [ipx::get_bus_interfaces mem_axi -of_objects [ipx::current_core]]
set_property physical_name mem_axi_rdata [ipx::get_port_maps RDATA -of_objects [ipx::get_bus_interfaces mem_axi -of_objects [ipx::current_core]]]
ipx::add_address_space mem_axi [ipx::current_core]
set_property master_address_space_ref mem_axi [ipx::get_bus_interfaces mem_axi -of_objects [ipx::current_core]]
ipx::remove_address_space mem_axi [ipx::current_core]
close_project
WARNING: [IP_Flow 19-3899] Cannot get the environment domain name variable for the component vendor name. Setting the vendor name to 'user.org'.
ipx::package_project -root_dir /home/uho/workspace/3retry_RISCV/RISC-V-On-PYNQ/ip/picorv32_tut -vendor user.org -library user -taxonomy /UserIP -import_files -set_current false -force
WARNING: [IP_Flow 19-5463] No port map found for required logical port ADDR on bus interface abstraction PicoBram_rtl for interface type master.
WARNING: [IP_Flow 19-5463] No port map found for required logical port VALID on bus interface abstraction PicoBram_rtl for interface type master.
WARNING: [IP_Flow 19-5463] No port map found for required logical port READY on bus interface abstraction PicoBram_rtl for interface type master.
WARNING: [IP_Flow 19-5462] Defaulting to slave bus interface due to conflicts in bus interface inference.
INFO: [IP_Flow 19-5107] Inferred bus interface 'mem_axi' of definition 'cliffordwolf:ip:PicoBram:1.0' (from User Repositories).
WARNING: [IP_Flow 19-5463] No port map found for required logical port ADDR on bus interface abstraction PicoBram_rtl for interface type master.
WARNING: [IP_Flow 19-5463] No port map found for required logical port WSTRB on bus interface abstraction PicoBram_rtl for interface type master.
WARNING: [IP_Flow 19-5462] Defaulting to slave bus interface due to conflicts in bus interface inference.
INFO: [IP_Flow 19-5107] Inferred bus interface 'pcpi' of definition 'cliffordwolf:ip:PicoBram:1.0' (from User Repositories).
INFO: [IP_Flow 19-5107] Inferred bus interface 'ip_pcpi' of definition 'cliffordwolf:ip:pcpi:1.0' (from User Repositories).
INFO: [IP_Flow 19-5107] Inferred bus interface 'resetn' of definition 'xilinx.com:signal:reset:1.0' (from Xilinx Repository).
INFO: [IP_Flow 19-5107] Inferred bus interface 'clk' of definition 'xilinx.com:signal:clock:1.0' (from Xilinx Repository).
INFO: [IP_Flow 19-5107] Inferred bus interface 'irq' of definition 'xilinx.com:signal:interrupt:1.0' (from Xilinx Repository).
INFO: [IP_Flow 19-4728] Bus Interface 'resetn': Added interface parameter 'POLARITY' with value 'ACTIVE_LOW'.
INFO: [IP_Flow 19-4728] Bus Interface 'irq': Added interface parameter 'SENSITIVITY' with value 'LEVEL_HIGH'.
INFO: [IP_Flow 19-4728] Bus Interface 'clk': Added interface parameter 'ASSOCIATED_RESET' with value 'resetn'.
WARNING: [IP_Flow 19-3480] slave: Portmap direction mismatched between component port 'mem_axi_wdata' and definition port 'WDATA'.
WARNING: [IP_Flow 19-3480] slave: Portmap direction mismatched between component port 'mem_axi_rdata' and definition port 'RDATA'.
WARNING: [IP_Flow 19-3480] slave: Portmap direction mismatched between component port 'mem_axi_wstrb' and definition port 'WSTRB'.
WARNING: [IP_Flow 19-1965] Bus Interface 'mem_axi': A port map to the required logical port "ADDR" of the bus abstraction "cliffordwolf:ip:PicoBram_rtl:1.0" is missing.
WARNING: [IP_Flow 19-1965] Bus Interface 'mem_axi': A port map to the required logical port "VALID" of the bus abstraction "cliffordwolf:ip:PicoBram_rtl:1.0" is missing.
WARNING: [IP_Flow 19-1965] Bus Interface 'mem_axi': A port map to the required logical port "READY" of the bus abstraction "cliffordwolf:ip:PicoBram_rtl:1.0" is missing.
WARNING: [IP_Flow 19-3480] slave: Portmap direction mismatched between component port 'pcpi_valid' and definition port 'VALID'.
WARNING: [IP_Flow 19-3480] slave: Portmap direction mismatched between component port 'pcpi_ready' and definition port 'READY'.
WARNING: [IP_Flow 19-1965] Bus Interface 'pcpi': A port map to the required logical port "ADDR" of the bus abstraction "cliffordwolf:ip:PicoBram_rtl:1.0" is missing.
WARNING: [IP_Flow 19-1965] Bus Interface 'pcpi': A port map to the required logical port "WSTRB" of the bus abstraction "cliffordwolf:ip:PicoBram_rtl:1.0" is missing.
WARNING: [IP_Flow 19-3153] Bus Interface 'clk': ASSOCIATED_BUSIF bus parameter is missing.
INFO: [IP_Flow 19-2181] Payment Required is not set for this core.
INFO: [IP_Flow 19-2187] The Product Guide file is missing.
ipx::unload_core /home/uho/workspace/3retry_RISCV/RISC-V-On-PYNQ/ip/picorv32_tut/component.xml
ipx::edit_ip_in_project -upgrade true -name tmp_edit_project -directory /home/uho/workspace/3retry_RISCV/RISC-V-On-PYNQ/ip/picorv32_tut /home/uho/workspace/3retry_RISCV/RISC-V-On-PYNQ/ip/picorv32_tut/component.xml
INFO: [IP_Flow 19-234] Refreshing IP repositories
INFO: [IP_Flow 19-1704] No user IP repositories specified
INFO: [IP_Flow 19-2313] Loaded Vivado IP repository '/tools/Xilinx/Vivado/2019.1/data/ip'.
INFO: [IP_Flow 19-234] Refreshing IP repositories
INFO: [IP_Flow 19-1700] Loaded user IP repository '/home/uho/workspace/3retry_RISCV/RISC-V-On-PYNQ/ip'.
WARNING: [IP_Flow 19-3656] If you move the project, the path for repository '/home/uho/workspace/3retry_RISCV/RISC-V-On-PYNQ/ip' may become invalid. A better location for the repository would be in a path adjacent to the project. (Current project location is '/home/uho/workspace/3retry_RISCV/RISC-V-On-PYNQ/ip/picorv32_tut'.)
INFO: [IP_Flow 19-795] Syncing license key meta-data
WARNING: [filemgmt 56-99] Vivado Synthesis ignores library specification for Verilog or SystemVerilog files. [/home/uho/workspace/3retry_RISCV/RISC-V-On-PYNQ/ip/picorv32_tut/src/picorv32.v:]
update_compile_order -fileset sources_1
ipx::remove_port_map WDATA [ipx::get_bus_interfaces mem_axi -of_objects [ipx::current_core]]
ipx::remove_port_map RDATA [ipx::get_bus_interfaces mem_axi -of_objects [ipx::current_core]]
ipx::remove_port_map WSTRB [ipx::get_bus_interfaces mem_axi -of_objects [ipx::current_core]]
set_property abstraction_type_vlnv xilinx.com:interface:aximm_rtl:1.0 [ipx::get_bus_interfaces mem_axi -of_objects [ipx::current_core]]
set_property bus_type_vlnv xilinx.com:interface:aximm:1.0 [ipx::get_bus_interfaces mem_axi -of_objects [ipx::current_core]]
set_property abstraction_type_vlnv cliffordwolf:ip:PicoBram_rtl:1.0 [ipx::get_bus_interfaces mem_axi -of_objects [ipx::current_core]]
set_property bus_type_vlnv cliffordwolf:ip:PicoBram:1.0 [ipx::get_bus_interfaces mem_axi -of_objects [ipx::current_core]]
ipx::add_port_map WDATA [ipx::get_bus_interfaces mem_axi -of_objects [ipx::current_core]]
set_property physical_name mem_axi_wdata [ipx::get_port_maps WDATA -of_objects [ipx::get_bus_interfaces mem_axi -of_objects [ipx::current_core]]]
ipx::add_port_map WSTRB [ipx::get_bus_interfaces mem_axi -of_objects [ipx::current_core]]
set_property physical_name mem_axi_wstrb [ipx::get_port_maps WSTRB -of_objects [ipx::get_bus_interfaces mem_axi -of_objects [ipx::current_core]]]
ipx::add_port_map RDATA [ipx::get_bus_interfaces mem_axi -of_objects [ipx::current_core]]
set_property physical_name mem_axi_rdata [ipx::get_port_maps RDATA -of_objects [ipx::get_bus_interfaces mem_axi -of_objects [ipx::current_core]]]
set_property widget {checkBox} [ipgui::get_guiparamspec -name "ENABLE_COUNTERS" -component [ipx::current_core] ]
set_property value true [ipx::get_user_parameters ENABLE_COUNTERS -of_objects [ipx::current_core]]
set_property value true [ipx::get_hdl_parameters ENABLE_COUNTERS -of_objects [ipx::current_core]]
set_property value_format bool [ipx::get_user_parameters ENABLE_COUNTERS -of_objects [ipx::current_core]]
set_property value_format bool [ipx::get_hdl_parameters ENABLE_COUNTERS -of_objects [ipx::current_core]]
set_property widget {checkBox} [ipgui::get_guiparamspec -name "ENABLE_COUNTERS64" -component [ipx::current_core] ]
set_property value true [ipx::get_user_parameters ENABLE_COUNTERS64 -of_objects [ipx::current_core]]
set_property value true [ipx::get_hdl_parameters ENABLE_COUNTERS64 -of_objects [ipx::current_core]]
set_property value_format bool [ipx::get_user_parameters ENABLE_COUNTERS64 -of_objects [ipx::current_core]]
set_property value_format bool [ipx::get_hdl_parameters ENABLE_COUNTERS64 -of_objects [ipx::current_core]]
set_property widget {checkBox} [ipgui::get_guiparamspec -name "ENABLE_REGS_16_31" -component [ipx::current_core] ]
set_property value true [ipx::get_user_parameters ENABLE_REGS_16_31 -of_objects [ipx::current_core]]
set_property value true [ipx::get_hdl_parameters ENABLE_REGS_16_31 -of_objects [ipx::current_core]]
set_property value_format bool [ipx::get_user_parameters ENABLE_REGS_16_31 -of_objects [ipx::current_core]]
set_property value_format bool [ipx::get_hdl_parameters ENABLE_REGS_16_31 -of_objects [ipx::current_core]]
set_property widget {checkBox} [ipgui::get_guiparamspec -name "ENABLE_REGS_DUALPORT" -component [ipx::current_core] ]
set_property value true [ipx::get_user_parameters ENABLE_REGS_DUALPORT -of_objects [ipx::current_core]]
set_property value true [ipx::get_hdl_parameters ENABLE_REGS_DUALPORT -of_objects [ipx::current_core]]
set_property value_format bool [ipx::get_user_parameters ENABLE_REGS_DUALPORT -of_objects [ipx::current_core]]
set_property value_format bool [ipx::get_hdl_parameters ENABLE_REGS_DUALPORT -of_objects [ipx::current_core]]
set_property widget {checkBox} [ipgui::get_guiparamspec -name "TWO_STAGE_SHIFT" -component [ipx::current_core] ]
set_property value true [ipx::get_user_parameters TWO_STAGE_SHIFT -of_objects [ipx::current_core]]
set_property value true [ipx::get_hdl_parameters TWO_STAGE_SHIFT -of_objects [ipx::current_core]]
set_property value_format bool [ipx::get_user_parameters TWO_STAGE_SHIFT -of_objects [ipx::current_core]]
set_property value_format bool [ipx::get_hdl_parameters TWO_STAGE_SHIFT -of_objects [ipx::current_core]]
set_property widget {checkBox} [ipgui::get_guiparamspec -name "BARREL_SHIFTER" -component [ipx::current_core] ]
set_property value false [ipx::get_user_parameters BARREL_SHIFTER -of_objects [ipx::current_core]]
set_property value false [ipx::get_hdl_parameters BARREL_SHIFTER -of_objects [ipx::current_core]]
set_property value_format bool [ipx::get_user_parameters BARREL_SHIFTER -of_objects [ipx::current_core]]
set_property value_format bool [ipx::get_hdl_parameters BARREL_SHIFTER -of_objects [ipx::current_core]]
set_property widget {checkBox} [ipgui::get_guiparamspec -name "TWO_CYCLE_COMPARE" -component [ipx::current_core] ]
set_property value false [ipx::get_user_parameters TWO_CYCLE_COMPARE -of_objects [ipx::current_core]]
set_property value false [ipx::get_hdl_parameters TWO_CYCLE_COMPARE -of_objects [ipx::current_core]]
set_property value_format bool [ipx::get_user_parameters TWO_CYCLE_COMPARE -of_objects [ipx::current_core]]
set_property value_format bool [ipx::get_hdl_parameters TWO_CYCLE_COMPARE -of_objects [ipx::current_core]]
set_property widget {checkBox} [ipgui::get_guiparamspec -name "TWO_CYCLE_ALU" -component [ipx::current_core] ]
set_property value false [ipx::get_user_parameters TWO_CYCLE_ALU -of_objects [ipx::current_core]]
set_property value false [ipx::get_hdl_parameters TWO_CYCLE_ALU -of_objects [ipx::current_core]]
set_property value_format bool [ipx::get_user_parameters TWO_CYCLE_ALU -of_objects [ipx::current_core]]
set_property value_format bool [ipx::get_hdl_parameters TWO_CYCLE_ALU -of_objects [ipx::current_core]]
set_property widget {checkBox} [ipgui::get_guiparamspec -name "COMPRESSED_ISA" -component [ipx::current_core] ]
set_property value false [ipx::get_user_parameters COMPRESSED_ISA -of_objects [ipx::current_core]]
set_property value false [ipx::get_hdl_parameters COMPRESSED_ISA -of_objects [ipx::current_core]]
set_property value_format bool [ipx::get_user_parameters COMPRESSED_ISA -of_objects [ipx::current_core]]
set_property value_format bool [ipx::get_hdl_parameters COMPRESSED_ISA -of_objects [ipx::current_core]]
set_property widget {checkBox} [ipgui::get_guiparamspec -name "CATCH_MISALIGN" -component [ipx::current_core] ]
set_property value true [ipx::get_user_parameters CATCH_MISALIGN -of_objects [ipx::current_core]]
set_property value true [ipx::get_hdl_parameters CATCH_MISALIGN -of_objects [ipx::current_core]]
set_property value_format bool [ipx::get_user_parameters CATCH_MISALIGN -of_objects [ipx::current_core]]
set_property value_format bool [ipx::get_hdl_parameters CATCH_MISALIGN -of_objects [ipx::current_core]]
set_property widget {checkBox} [ipgui::get_guiparamspec -name "CATCH_ILLINSN" -component [ipx::current_core] ]
set_property value true [ipx::get_user_parameters CATCH_ILLINSN -of_objects [ipx::current_core]]
set_property value true [ipx::get_hdl_parameters CATCH_ILLINSN -of_objects [ipx::current_core]]
set_property value_format bool [ipx::get_user_parameters CATCH_ILLINSN -of_objects [ipx::current_core]]
set_property value_format bool [ipx::get_hdl_parameters CATCH_ILLINSN -of_objects [ipx::current_core]]
set_property widget {checkBox} [ipgui::get_guiparamspec -name "ENABLE_PCPI" -component [ipx::current_core] ]
set_property value false [ipx::get_user_parameters ENABLE_PCPI -of_objects [ipx::current_core]]
set_property value false [ipx::get_hdl_parameters ENABLE_PCPI -of_objects [ipx::current_core]]
set_property value_format bool [ipx::get_user_parameters ENABLE_PCPI -of_objects [ipx::current_core]]
set_property value_format bool [ipx::get_hdl_parameters ENABLE_PCPI -of_objects [ipx::current_core]]
set_property widget {checkBox} [ipgui::get_guiparamspec -name "ENABLE_MUL" -component [ipx::current_core] ]
set_property value true [ipx::get_user_parameters ENABLE_MUL -of_objects [ipx::current_core]]
set_property value true [ipx::get_hdl_parameters ENABLE_MUL -of_objects [ipx::current_core]]
set_property value_format bool [ipx::get_user_parameters ENABLE_MUL -of_objects [ipx::current_core]]
set_property value_format bool [ipx::get_hdl_parameters ENABLE_MUL -of_objects [ipx::current_core]]
set_property widget {checkBox} [ipgui::get_guiparamspec -name "ENABLE_FAST_MUL" -component [ipx::current_core] ]
set_property value true [ipx::get_user_parameters ENABLE_FAST_MUL -of_objects [ipx::current_core]]
set_property value true [ipx::get_hdl_parameters ENABLE_FAST_MUL -of_objects [ipx::current_core]]
set_property value_format bool [ipx::get_user_parameters ENABLE_FAST_MUL -of_objects [ipx::current_core]]
set_property value_format bool [ipx::get_hdl_parameters ENABLE_FAST_MUL -of_objects [ipx::current_core]]
set_property widget {checkBox} [ipgui::get_guiparamspec -name "ENABLE_DIV" -component [ipx::current_core] ]
set_property value false [ipx::get_user_parameters ENABLE_DIV -of_objects [ipx::current_core]]
set_property value false [ipx::get_hdl_parameters ENABLE_DIV -of_objects [ipx::current_core]]
set_property value_format bool [ipx::get_user_parameters ENABLE_DIV -of_objects [ipx::current_core]]
set_property value_format bool [ipx::get_hdl_parameters ENABLE_DIV -of_objects [ipx::current_core]]
set_property widget {checkBox} [ipgui::get_guiparamspec -name "ENABLE_IRQ" -component [ipx::current_core] ]
set_property value false [ipx::get_user_parameters ENABLE_IRQ -of_objects [ipx::current_core]]
set_property value false [ipx::get_hdl_parameters ENABLE_IRQ -of_objects [ipx::current_core]]
set_property value_format bool [ipx::get_user_parameters ENABLE_IRQ -of_objects [ipx::current_core]]
set_property value_format bool [ipx::get_hdl_parameters ENABLE_IRQ -of_objects [ipx::current_core]]
set_property widget {checkBox} [ipgui::get_guiparamspec -name "ENABLE_IRQ_QREGS" -component [ipx::current_core] ]
set_property value true [ipx::get_user_parameters ENABLE_IRQ_QREGS -of_objects [ipx::current_core]]
set_property value true [ipx::get_hdl_parameters ENABLE_IRQ_QREGS -of_objects [ipx::current_core]]
set_property value_format bool [ipx::get_user_parameters ENABLE_IRQ_QREGS -of_objects [ipx::current_core]]
set_property value_format bool [ipx::get_hdl_parameters ENABLE_IRQ_QREGS -of_objects [ipx::current_core]]
set_property widget {checkBox} [ipgui::get_guiparamspec -name "ENABLE_IRQ_TIMER" -component [ipx::current_core] ]
set_property value true [ipx::get_user_parameters ENABLE_IRQ_TIMER -of_objects [ipx::current_core]]
set_property value true [ipx::get_hdl_parameters ENABLE_IRQ_TIMER -of_objects [ipx::current_core]]
set_property value_format bool [ipx::get_user_parameters ENABLE_IRQ_TIMER -of_objects [ipx::current_core]]
set_property value_format bool [ipx::get_hdl_parameters ENABLE_IRQ_TIMER -of_objects [ipx::current_core]]
set_property widget {checkBox} [ipgui::get_guiparamspec -name "ENABLE_TRACE" -component [ipx::current_core] ]
set_property value false [ipx::get_user_parameters ENABLE_TRACE -of_objects [ipx::current_core]]
set_property value false [ipx::get_hdl_parameters ENABLE_TRACE -of_objects [ipx::current_core]]
set_property value_format bool [ipx::get_user_parameters ENABLE_TRACE -of_objects [ipx::current_core]]
set_property value_format bool [ipx::get_hdl_parameters ENABLE_TRACE -of_objects [ipx::current_core]]
set_property widget {checkBox} [ipgui::get_guiparamspec -name "REGS_INIT_ZERO" -component [ipx::current_core] ]
set_property value false [ipx::get_user_parameters REGS_INIT_ZERO -of_objects [ipx::current_core]]
set_property value false [ipx::get_hdl_parameters REGS_INIT_ZERO -of_objects [ipx::current_core]]
set_property value_format bool [ipx::get_user_parameters REGS_INIT_ZERO -of_objects [ipx::current_core]]
set_property value_format bool [ipx::get_hdl_parameters REGS_INIT_ZERO -of_objects [ipx::current_core]]
ipx::remove_port_map WDATA [ipx::get_bus_interfaces mem_axi -of_objects [ipx::current_core]]
ipx::remove_port_map WSTRB [ipx::get_bus_interfaces mem_axi -of_objects [ipx::current_core]]
ipx::remove_port_map RDATA [ipx::get_bus_interfaces mem_axi -of_objects [ipx::current_core]]
set_property abstraction_type_vlnv xilinx.com:interface:aximm_rtl:1.0 [ipx::get_bus_interfaces mem_axi -of_objects [ipx::current_core]]
set_property bus_type_vlnv xilinx.com:interface:aximm:1.0 [ipx::get_bus_interfaces mem_axi -of_objects [ipx::current_core]]
set_property abstraction_type_vlnv cliffordwolf:ip:PicoBram_rtl:1.0 [ipx::get_bus_interfaces mem_axi -of_objects [ipx::current_core]]
set_property bus_type_vlnv cliffordwolf:ip:PicoBram:1.0 [ipx::get_bus_interfaces mem_axi -of_objects [ipx::current_core]]
ipx::add_port_map WDATA [ipx::get_bus_interfaces mem_axi -of_objects [ipx::current_core]]
set_property physical_name mem_axi_wdata [ipx::get_port_maps WDATA -of_objects [ipx::get_bus_interfaces mem_axi -of_objects [ipx::current_core]]]
ipx::add_port_map WSTRB [ipx::get_bus_interfaces mem_axi -of_objects [ipx::current_core]]
set_property physical_name mem_axi_wstrb [ipx::get_port_maps WSTRB -of_objects [ipx::get_bus_interfaces mem_axi -of_objects [ipx::current_core]]]
ipx::add_port_map RDATA [ipx::get_bus_interfaces mem_axi -of_objects [ipx::current_core]]
set_property physical_name mem_axi_rdata [ipx::get_port_maps RDATA -of_objects [ipx::get_bus_interfaces mem_axi -of_objects [ipx::current_core]]]
ipx::remove_port_map WDATA [ipx::get_bus_interfaces mem_axi -of_objects [ipx::current_core]]
ipx::remove_port_map WSTRB [ipx::get_bus_interfaces mem_axi -of_objects [ipx::current_core]]
ipx::remove_port_map RDATA [ipx::get_bus_interfaces mem_axi -of_objects [ipx::current_core]]
set_property interface_mode master [ipx::get_bus_interfaces mem_axi -of_objects [ipx::current_core]]
set_property abstraction_type_vlnv xilinx.com:interface:aximm_rtl:1.0 [ipx::get_bus_interfaces mem_axi -of_objects [ipx::current_core]]
set_property bus_type_vlnv xilinx.com:interface:aximm:1.0 [ipx::get_bus_interfaces mem_axi -of_objects [ipx::current_core]]
ipx::add_port_map BVALID [ipx::get_bus_interfaces mem_axi -of_objects [ipx::current_core]]
set_property physical_name mem_axi_bvalid [ipx::get_port_maps BVALID -of_objects [ipx::get_bus_interfaces mem_axi -of_objects [ipx::current_core]]]
ipx::add_port_map RREADY [ipx::get_bus_interfaces mem_axi -of_objects [ipx::current_core]]
set_property physical_name mem_axi_rready [ipx::get_port_maps RREADY -of_objects [ipx::get_bus_interfaces mem_axi -of_objects [ipx::current_core]]]
ipx::add_port_map BREADY [ipx::get_bus_interfaces mem_axi -of_objects [ipx::current_core]]
set_property physical_name mem_axi_bready [ipx::get_port_maps BREADY -of_objects [ipx::get_bus_interfaces mem_axi -of_objects [ipx::current_core]]]
ipx::add_port_map AWVALID [ipx::get_bus_interfaces mem_axi -of_objects [ipx::current_core]]
set_property physical_name mem_axi_awvalid [ipx::get_port_maps AWVALID -of_objects [ipx::get_bus_interfaces mem_axi -of_objects [ipx::current_core]]]
ipx::add_port_map AWREADY [ipx::get_bus_interfaces mem_axi -of_objects [ipx::current_core]]
set_property physical_name mem_axi_awready [ipx::get_port_maps AWREADY -of_objects [ipx::get_bus_interfaces mem_axi -of_objects [ipx::current_core]]]
ipx::add_port_map AWPROT [ipx::get_bus_interfaces mem_axi -of_objects [ipx::current_core]]
set_property physical_name mem_axi_awprot [ipx::get_port_maps AWPROT -of_objects [ipx::get_bus_interfaces mem_axi -of_objects [ipx::current_core]]]
ipx::add_port_map WDATA [ipx::get_bus_interfaces mem_axi -of_objects [ipx::current_core]]
set_property physical_name mem_axi_wdata [ipx::get_port_maps WDATA -of_objects [ipx::get_bus_interfaces mem_axi -of_objects [ipx::current_core]]]
ipx::add_port_map ARPROT [ipx::get_bus_interfaces mem_axi -of_objects [ipx::current_core]]
set_property physical_name mem_axi_arprot [ipx::get_port_maps ARPROT -of_objects [ipx::get_bus_interfaces mem_axi -of_objects [ipx::current_core]]]
ipx::add_port_map RVALID [ipx::get_bus_interfaces mem_axi -of_objects [ipx::current_core]]
set_property physical_name mem_axi_rvalid [ipx::get_port_maps RVALID -of_objects [ipx::get_bus_interfaces mem_axi -of_objects [ipx::current_core]]]
ipx::add_port_map ARADDR [ipx::get_bus_interfaces mem_axi -of_objects [ipx::current_core]]
set_property physical_name mem_axi_araddr [ipx::get_port_maps ARADDR -of_objects [ipx::get_bus_interfaces mem_axi -of_objects [ipx::current_core]]]
ipx::add_port_map AWADDR [ipx::get_bus_interfaces mem_axi -of_objects [ipx::current_core]]
set_property physical_name mem_axi_awaddr [ipx::get_port_maps AWADDR -of_objects [ipx::get_bus_interfaces mem_axi -of_objects [ipx::current_core]]]
ipx::add_port_map ARREADY [ipx::get_bus_interfaces mem_axi -of_objects [ipx::current_core]]
set_property physical_name mem_axi_arready [ipx::get_port_maps ARREADY -of_objects [ipx::get_bus_interfaces mem_axi -of_objects [ipx::current_core]]]
ipx::add_port_map WVALID [ipx::get_bus_interfaces mem_axi -of_objects [ipx::current_core]]
set_property physical_name mem_axi_wvalid [ipx::get_port_maps WVALID -of_objects [ipx::get_bus_interfaces mem_axi -of_objects [ipx::current_core]]]
ipx::add_port_map WREADY [ipx::get_bus_interfaces mem_axi -of_objects [ipx::current_core]]
set_property physical_name mem_axi_wready [ipx::get_port_maps WREADY -of_objects [ipx::get_bus_interfaces mem_axi -of_objects [ipx::current_core]]]
ipx::add_port_map ARVALID [ipx::get_bus_interfaces mem_axi -of_objects [ipx::current_core]]
set_property physical_name mem_axi_arvalid [ipx::get_port_maps ARVALID -of_objects [ipx::get_bus_interfaces mem_axi -of_objects [ipx::current_core]]]
ipx::add_port_map WSTRB [ipx::get_bus_interfaces mem_axi -of_objects [ipx::current_core]]
set_property physical_name mem_axi_wstrb [ipx::get_port_maps WSTRB -of_objects [ipx::get_bus_interfaces mem_axi -of_objects [ipx::current_core]]]
ipx::add_port_map RDATA [ipx::get_bus_interfaces mem_axi -of_objects [ipx::current_core]]
set_property physical_name mem_axi_rdata [ipx::get_port_maps RDATA -of_objects [ipx::get_bus_interfaces mem_axi -of_objects [ipx::current_core]]]
ipx::add_address_space mem_axi [ipx::current_core]
set_property master_address_space_ref mem_axi [ipx::get_bus_interfaces mem_axi -of_objects [ipx::current_core]]
ipx::add_address_space_parameter Range [ipx::get_address_spaces mem_axi -of_objects [ipx::current_core]]
ipx::remove_address_space_parameter Range [ipx::get_address_spaces mem_axi -of_objects [ipx::current_core]]
set_property previous_version_for_upgrade user.org:user:picorv32_axi:1.0 [ipx::current_core]
set_property core_revision 1 [ipx::current_core]
ipx::create_xgui_files [ipx::current_core]
ipx::update_checksums [ipx::current_core]
ipx::save_core [ipx::current_core]
ipx::move_temp_component_back -component [ipx::current_core]
close_project -delete
update_ip_catalog -rebuild -repo_path /home/uho/workspace/3retry_RISCV/RISC-V-On-PYNQ/ip
INFO: [IP_Flow 19-725] Reloaded user IP repository '/home/uho/workspace/3retry_RISCV/RISC-V-On-PYNQ/ip'
exit
INFO: [Common 17-206] Exiting Vivado at Tue Feb 18 17:34:00 2020...
